[INFO] 23-11-2025 19:40:53 [main] LogUtils - Properties loaded from multiple files: [src/main/resources/config.properties, src/main/java/objects/sweet_shop_locators.properties]
[INFO] 23-11-2025 19:40:53 [main] LogUtils - Properties loaded from multiple files: [src/main/resources/config.properties, src/main/java/objects/sweet_shop_locators.properties]
[INFO] 23-11-2025 19:40:53 [main] LogUtils - Properties loaded from multiple files: [src/main/resources/config.properties, src/main/java/objects/sweet_shop_locators.properties]
[INFO] 23-11-2025 19:40:53 [main] LogUtils - Properties loaded from multiple files: [src/main/resources/config.properties, src/main/java/objects/sweet_shop_locators.properties]
[INFO] 23-11-2025 19:40:53 [main] LogUtils - ⭐️ ********* START TESTING Demo Test Listener *********
[INFO] 23-11-2025 19:40:53 [main] LogUtils - Properties loaded from multiple files: [src/main/resources/config.properties, src/main/java/objects/sweet_shop_locators.properties]
[INFO] 23-11-2025 19:40:54 [main] LogUtils - Launching Chrome browser...
[INFO] 23-11-2025 19:40:56 [main] LogUtils - ➡️ Starting test case userLoginTest
[INFO] 23-11-2025 19:40:56 [main] LogUtils - Properties loaded from multiple files: [src/main/resources/config.properties, src/main/java/objects/sweet_shop_locators.properties]
[INFO] 23-11-2025 19:40:56 [main] LogUtils - Properties loaded from multiple files: [src/main/resources/config.properties, src/main/java/objects/sweet_shop_locators.properties]
[INFO] 23-11-2025 19:40:56 [main] LogUtils - Properties loaded from multiple files: [src/main/resources/config.properties, src/main/java/objects/sweet_shop_locators.properties]
[INFO] 23-11-2025 19:40:56 [main] LogUtils - Properties loaded from multiple files: [src/main/resources/config.properties, src/main/java/objects/sweet_shop_locators.properties]
[INFO] 23-11-2025 19:41:00 [main] LogUtils - 🟢 Click element: By.xpath: //a[normalize-space()='Login']
[INFO] 23-11-2025 19:41:00 [main] LogUtils - Properties loaded from multiple files: [src/main/resources/config.properties, src/main/java/objects/sweet_shop_locators.properties]
[INFO] 23-11-2025 19:41:00 [main] LogUtils - Properties loaded from multiple files: [src/main/resources/config.properties, src/main/java/objects/sweet_shop_locators.properties]
[INFO] 23-11-2025 19:41:03 [main] LogUtils - ➡️ Get text: Login
[INFO] 23-11-2025 19:41:03 [main] LogUtils - ⭐️ Verify equals: Login 🟰 Login
[INFO] 23-11-2025 19:41:06 [main] LogUtils - 🟢 Set text: lonny.murazik@yahoo.com on element: By.xpath: //input[@id='exampleInputEmail']
[INFO] 23-11-2025 19:41:09 [main] LogUtils - 🟢 Set text: 3242p818cg38 on element: By.xpath: //input[@id='exampleInputPassword']
[INFO] 23-11-2025 19:41:12 [main] LogUtils - 🟢 Click element: By.cssSelector: .btn-primary
[INFO] 23-11-2025 19:41:15 [main] LogUtils - ➡️ Get text: Welcome back test@user.com
[INFO] 23-11-2025 19:41:15 [main] LogUtils - ⭐️ Verify equals: Welcome back test@user.com 🟰 Welcome back test@user.com
[INFO] 23-11-2025 19:41:15 [main] LogUtils - ✅ Test case userLoginTest passed.
[INFO] 23-11-2025 19:41:16 [main] LogUtils - Launching Chrome browser...
[INFO] 23-11-2025 19:41:17 [main] LogUtils - ➡️ Starting test case navigateAboutPage
[INFO] 23-11-2025 19:41:17 [main] LogUtils - Properties loaded from multiple files: [src/main/resources/config.properties, src/main/java/objects/sweet_shop_locators.properties]
[INFO] 23-11-2025 19:41:17 [main] LogUtils - Properties loaded from multiple files: [src/main/resources/config.properties, src/main/java/objects/sweet_shop_locators.properties]
[INFO] 23-11-2025 19:41:20 [main] LogUtils - 🟢 Click element: By.xpath: //a[normalize-space()='About']
[INFO] 23-11-2025 19:41:20 [main] LogUtils - Properties loaded from multiple files: [src/main/resources/config.properties, src/main/java/objects/sweet_shop_locators.properties]
[INFO] 23-11-2025 19:41:20 [main] LogUtils - Properties loaded from multiple files: [src/main/resources/config.properties, src/main/java/objects/sweet_shop_locators.properties]
[INFO] 23-11-2025 19:41:23 [main] LogUtils - ➡️ Get text: Sweet Shop Project
[INFO] 23-11-2025 19:41:23 [main] LogUtils - ⭐️ Verify equals: Sweet Shop Project 🟰 Sweet Shop Project
[INFO] 23-11-2025 19:41:23 [main] LogUtils - ✅ Test case navigateAboutPage passed.
[INFO] 23-11-2025 19:41:23 [main] LogUtils - ⭐️ ********* END TESTING Demo Test Listener *********
